2021-07-06 00:00:01,053 INFO 2192 [egg-logrotator] app logger reload: got log-reload message
2021-07-06 08:29:18,632 WARN 2192 [ClusterClient:Watcher] follower closed, and try to init it again
2021-07-06 08:29:18,885 INFO 2192 [-/127.0.0.1/-/6ms SCHEDULE /__schedule?path=D:\project\项目\项目\shopping\server\node_modules\_egg-multipart@2.13.0@egg-multipart\app\schedule\clean_tmpdir.js&type=worker&cron=0%2030%204%20*%20*%20*&disable=false&immediate=false] [egg-multipart:CleanTmpdir] start clean tmpdir: "C:\\Users\\李杨\\AppData\\Local\\Temp\\egg-multipart-tmp\\server"
2021-07-06 08:29:18,898 INFO 2192 [-/127.0.0.1/-/21ms SCHEDULE /__schedule?path=D:\project\项目\项目\shopping\server\node_modules\_egg-multipart@2.13.0@egg-multipart\app\schedule\clean_tmpdir.js&type=worker&cron=0%2030%204%20*%20*%20*&disable=false&immediate=false] [egg-multipart:CleanTmpdir] end
2021-07-06 08:56:39,919 INFO 6876 [egg:logger] init all loggers with options: {"dir":"D:\\project\\项目\\项目\\shopping\\server\\logs\\server","encoding":"utf8","env":"local","level":"INFO","consoleLevel":"INFO","disableConsoleAfterReady":false,"outputJSON":false,"buffer":true,"appLogName":"server-web.log","coreLogName":"egg-web.log","agentLogName":"egg-agent.log","errorLogName":"common-error.log","coreLogger":{"consoleLevel":"WARN"},"allowDebugAtProd":false,"type":"application"}
2021-07-06 08:56:40,122 INFO 6876 [egg-multipart] stream mode enable
2021-07-06 08:56:41,732 INFO 6876 [egg-mongoose] connecting mongodb://127.0.0.1/shoppingMall
2021-07-06 08:56:42,550 INFO 6876 [egg-static] starting static serve /public/ -> D:\project\项目\项目\shopping\server\app\public
2021-07-06 08:56:42,557 INFO 6876 [egg-security] use methodnoallow middleware
2021-07-06 08:56:42,559 INFO 6876 [egg-security] use noopen middleware
2021-07-06 08:56:42,563 INFO 6876 [egg-security] use nosniff middleware
2021-07-06 08:56:42,565 INFO 6876 [egg-security] use xssProtection middleware
2021-07-06 08:56:42,566 INFO 6876 [egg-security] use xframe middleware
2021-07-06 08:56:42,567 INFO 6876 [egg-security] use dta middleware
2021-07-06 08:56:42,567 INFO 6876 [egg-security] compose 6 middlewares into one security middleware
2021-07-06 08:56:42,604 INFO 6876 [egg:core] dump config after load, 8ms
2021-07-06 08:56:42,612 INFO 6876 [egg-mongoose] starting...
2021-07-06 08:56:42,672 INFO 6876 [egg-mongoose] mongodb://127.0.0.1/shoppingMall connected successfully
2021-07-06 08:56:42,682 INFO 6876 [egg-mongoose] instance[0] start successfully
2021-07-06 08:56:42,684 INFO 6876 [egg-watcher:application] watcher start success
2021-07-06 08:56:42,700 INFO 6876 [egg:core] dump config after ready, 11ms
2021-07-06 09:06:20,350 INFO 17616 [egg:logger] init all loggers with options: {"dir":"D:\\project\\项目\\项目\\shopping\\server\\logs\\server","encoding":"utf8","env":"local","level":"INFO","consoleLevel":"INFO","disableConsoleAfterReady":false,"outputJSON":false,"buffer":true,"appLogName":"server-web.log","coreLogName":"egg-web.log","agentLogName":"egg-agent.log","errorLogName":"common-error.log","coreLogger":{"consoleLevel":"WARN"},"allowDebugAtProd":false,"type":"application"}
2021-07-06 09:06:20,391 INFO 17616 [egg-multipart] stream mode enable
2021-07-06 09:06:21,269 INFO 17616 [egg-mongoose] connecting mongodb://127.0.0.1/shoppingMall
2021-07-06 09:06:21,983 INFO 17616 [egg-static] starting static serve /public/ -> D:\project\项目\项目\shopping\server\app\public
2021-07-06 09:06:21,987 INFO 17616 [egg-security] use methodnoallow middleware
2021-07-06 09:06:21,989 INFO 17616 [egg-security] use noopen middleware
2021-07-06 09:06:21,992 INFO 17616 [egg-security] use nosniff middleware
2021-07-06 09:06:21,993 INFO 17616 [egg-security] use xssProtection middleware
2021-07-06 09:06:21,995 INFO 17616 [egg-security] use xframe middleware
2021-07-06 09:06:21,996 INFO 17616 [egg-security] use dta middleware
2021-07-06 09:06:21,996 INFO 17616 [egg-security] compose 6 middlewares into one security middleware
2021-07-06 09:06:22,037 INFO 17616 [egg:core] dump config after load, 7ms
2021-07-06 09:06:22,045 INFO 17616 [egg-mongoose] starting...
2021-07-06 09:06:22,104 INFO 17616 [egg-mongoose] mongodb://127.0.0.1/shoppingMall connected successfully
2021-07-06 09:06:22,114 INFO 17616 [egg-mongoose] instance[0] start successfully
2021-07-06 09:06:22,121 INFO 17616 [egg-watcher:application] watcher start success
2021-07-06 09:06:22,136 INFO 17616 [egg:core] dump config after ready, 12ms
